(---------------------------------------------------------------------)
(                                                                     )
(    Allegro Netrev Import Logic                                      )
(                                                                     )
(    Drawing          : MCU013_LAUNCHXL-CC1310_CC1190.brd             )
(    Software Version : 17.2S024                                      )
(    Date/Time        : Thu Feb 01 11:15:37 2018                      )
(                                                                     )
(---------------------------------------------------------------------)


------ Directives ------------

Ripup etch:                  No
Ripup delete first segment:  No
Ripup retain bondwire:       No
Ripup symbols:               Always
Missing symbol has error:    No
DRC update:                  Yes
Schematic directory:         'C:\apps\reference_designs\CC1310_CC1190_launchpad\LAUNCHPAD_CC1310_CC1190_1_3_0\Cadence\Allegro'
Design Directory:            'C:/apps/reference_designs/CC1310_CC1190_launchpad/LAUNCHPAD_CC1310_CC1190_1_3_0/Cadence/Allegro'
Old design name:             'C:/apps/reference_designs/CC1310_CC1190_launchpad/LAUNCHPAD_CC1310_CC1190_1_3_0/Cadence/Allegro/MCU013_LAUNCHXL-CC1310_CC1190.brd'
New design name:             'C:/apps/reference_designs/CC1310_CC1190_launchpad/LAUNCHPAD_CC1310_CC1190_1_3_0/Cadence/Allegro/MCU013_LAUNCHXL-CC1310_CC1190.brd'

CmdLine: netrev -$ -i C:\apps\reference_designs\CC1310_CC1190_launchpad\LAUNCHPAD_CC1310_CC1190_1_3_0\Cadence\Allegro -y 1 -h -z -v C:/apps/reference_designs/CC1310_CC1190_launchpad/LAUNCHPAD_CC1310_CC1190_1_3_0/Cadence/Allegro/#Taaaaah10304.tmp

------ Preparing to read pst files ------

Starting to read C:/apps/reference_designs/CC1310_CC1190_launchpad/LAUNCHPAD_CC1310_CC1190_1_3_0/Cadence/Allegro/pstchip.dat 
   Finished reading C:/apps/reference_designs/CC1310_CC1190_launchpad/LAUNCHPAD_CC1310_CC1190_1_3_0/Cadence/Allegro/pstchip.dat (00:00:00.04)
Starting to read C:/apps/reference_designs/CC1310_CC1190_launchpad/LAUNCHPAD_CC1310_CC1190_1_3_0/Cadence/Allegro/pstxprt.dat 
   Finished reading C:/apps/reference_designs/CC1310_CC1190_launchpad/LAUNCHPAD_CC1310_CC1190_1_3_0/Cadence/Allegro/pstxprt.dat (00:00:00.00)
Starting to read C:/apps/reference_designs/CC1310_CC1190_launchpad/LAUNCHPAD_CC1310_CC1190_1_3_0/Cadence/Allegro/pstxnet.dat 
   Finished reading C:/apps/reference_designs/CC1310_CC1190_launchpad/LAUNCHPAD_CC1310_CC1190_1_3_0/Cadence/Allegro/pstxnet.dat (00:00:00.00)

------ Oversights/Warnings/Errors ------


#1   WARNING(SPMHNI-192): Device/Symbol check warning detected. [help]

WARNING(SPMHNI-194): Symbol 'DNM' used by RefDes PCB1 for device 'PCB_DNM_MECHANICAL_MCU013' not found in PSMPATH or must be "dbdoctor"ed.

#2   WARNING(SPMHNI-192): Device/Symbol check warning detected. [help]

WARNING(SPMHNI-194): Symbol 'QFN50P150X150X60-8AM' used by RefDes CR7 for device 'DIODE_TVS_TPD6E004_QFN8_QFN50P1' not found in PSMPATH or must be "dbdoctor"ed.

------ Library Paths ------
MODULEPATH =  . 
           C:/Cadence/SPB_17.2/share/local/pcb/modules 

PSMPATH =  . 
           symbols 
           .. 
           ../symbols 
           C:/Cadence/SPB_17.2/share/local/pcb/symbols 
           C:/Cadence/SPB_17.2/share/pcb/pcb_lib/symbols 
           C:/Cadence/SPB_17.2/share/pcb/allegrolib/symbols 
           X:/Footprints/ 
           X:/Layout_graphics 

PADPATH =  . 
           symbols 
           .. 
           ../symbols 
           C:/Cadence/SPB_17.2/share/local/pcb/padstacks 
           C:/Cadence/SPB_17.2/share/pcb/pcb_lib/symbols 
           C:/Cadence/SPB_17.2/share/pcb/allegrolib/symbols 
           X:/Padstacks/ 


------ Summary Statistics ------


netrev run on Feb 1 11:15:37 2018
   DESIGN NAME : 'MCU013_LAUNCHXL-CC1310_CC1190_EU'
   PACKAGING ON Mar 20 2017 11:21:40

   COMPILE 'logic'
   CHECK_PIN_NAMES OFF
   CROSS_REFERENCE OFF
   FEEDBACK OFF
   INCREMENTAL OFF
   INTERFACE_TYPE PHYSICAL
   MAX_ERRORS 500
   MERGE_MINIMUM 5
   NET_NAME_CHARS '#%&()*+-./:=>?@[]^_`|'
   NET_NAME_LENGTH 24
   OVERSIGHTS ON
   REPLACE_CHECK OFF
   SINGLE_NODE_NETS ON
   SPLIT_MINIMUM 0
   SUPPRESS   20
   WARNINGS ON

 No error detected
 No oversight detected
  2 warnings detected

cpu time      0:15:21
elapsed time  0:00:09

